[0.101s] DEBUG:colcon:Command line arguments: ['/usr/bin/colcon', 'build']
[0.101s] DEBUG:colcon:Parsed command line arguments: Namespace(log_base=None, log_level=None, verb_name='build', build_base='build', install_base='install', merge_install=False, symlink_install=False, test_result_base=None, continue_on_error=False, executor='parallel', parallel_workers=4, event_handlers=None, ignore_user_meta=False, metas=['./colcon.meta'], base_paths=['.'], packages_ignore=None, packages_ignore_regex=None, paths=None, packages_up_to=None, packages_up_to_regex=None, packages_above=None, packages_above_and_dependencies=None, packages_above_depth=None, packages_select_by_dep=None, packages_skip_by_dep=None, packages_skip_up_to=None, packages_select_build_failed=False, packages_skip_build_finished=False, packages_select_test_failures=False, packages_skip_test_passed=False, packages_select=None, packages_skip=None, packages_select_regex=None, packages_skip_regex=None, packages_start=None, packages_end=None, allow_overriding=[], cmake_args=None, cmake_target=None, cmake_target_skip_unavailable=False, cmake_clean_cache=False, cmake_clean_first=False, cmake_force_configure=False, ament_cmake_args=None, catkin_cmake_args=None, catkin_skip_building_tests=False, mixin_files=None, mixin=None, verb_parser=<colcon_mixin.mixin.mixin_argument.MixinArgumentDecorator object at 0xe9c4ae14e660>, verb_extension=<colcon_core.verb.build.BuildVerb object at 0xe9c4ae14e390>, main=<bound method BuildVerb.main of <colcon_core.verb.build.BuildVerb object at 0xe9c4ae14e390>>, mixin_verb=('build',))
[0.234s] Level 1:colcon.colcon_core.package_discovery:discover_packages(colcon_meta) check parameters
[0.234s] Level 1:colcon.colcon_core.package_discovery:discover_packages(recursive) check parameters
[0.235s] Level 1:colcon.colcon_core.package_discovery:discover_packages(ignore) check parameters
[0.235s] Level 1:colcon.colcon_core.package_discovery:discover_packages(path) check parameters
[0.235s] Level 1:colcon.colcon_core.package_discovery:discover_packages(colcon_meta) discover
[0.235s] Level 1:colcon.colcon_core.package_discovery:discover_packages(recursive) discover
[0.235s] INFO:colcon.colcon_core.package_discovery:Crawling recursively for packages in '/home/fernando/Desktop/rosbot_ws'
[0.235s] Level 1:colcon.colcon_core.package_identification:_identify(.) by extensions ['ignore', 'ignore_ament_install']
[0.235s] Level 1:colcon.colcon_core.package_identification:_identify(.) by extension 'ignore'
[0.235s] Level 1:colcon.colcon_core.package_identification:_identify(.) by extension 'ignore_ament_install'
[0.235s] Level 1:colcon.colcon_core.package_identification:_identify(.) by extensions ['colcon_pkg']
[0.235s] Level 1:colcon.colcon_core.package_identification:_identify(.) by extension 'colcon_pkg'
[0.235s] Level 1:colcon.colcon_core.package_identification:_identify(.) by extensions ['colcon_meta']
[0.235s] Level 1:colcon.colcon_core.package_identification:_identify(.) by extension 'colcon_meta'
[0.235s] Level 1:colcon.colcon_core.package_identification:_identify(.) by extensions ['ros']
[0.235s] Level 1:colcon.colcon_core.package_identification:_identify(.) by extension 'ros'
[0.255s] Level 1:colcon.colcon_core.package_identification:_identify(.) by extensions ['cmake', 'python']
[0.255s] Level 1:colcon.colcon_core.package_identification:_identify(.) by extension 'cmake'
[0.255s] Level 1:colcon.colcon_core.package_identification:_identify(.) by extension 'python'
[0.255s] Level 1:colcon.colcon_core.package_identification:_identify(.) by extensions ['python_setup_py']
[0.255s] Level 1:colcon.colcon_core.package_identification:_identify(.) by extension 'python_setup_py'
[0.255s] Level 1:colcon.colcon_core.package_identification:_identify(build) by extensions ['ignore', 'ignore_ament_install']
[0.255s] Level 1:colcon.colcon_core.package_identification:_identify(build) by extension 'ignore'
[0.255s] Level 1:colcon.colcon_core.package_identification:_identify(build) ignored
[0.255s] Level 1:colcon.colcon_core.package_identification:_identify(install) by extensions ['ignore', 'ignore_ament_install']
[0.255s] Level 1:colcon.colcon_core.package_identification:_identify(install) by extension 'ignore'
[0.255s] Level 1:colcon.colcon_core.package_identification:_identify(install) ignored
[0.256s] Level 1:colcon.colcon_core.package_identification:_identify(log) by extensions ['ignore', 'ignore_ament_install']
[0.256s] Level 1:colcon.colcon_core.package_identification:_identify(log) by extension 'ignore'
[0.256s] Level 1:colcon.colcon_core.package_identification:_identify(log) ignored
[0.256s] Level 1:colcon.colcon_core.package_identification:_identify(src) by extensions ['ignore', 'ignore_ament_install']
[0.256s] Level 1:colcon.colcon_core.package_identification:_identify(src) by extension 'ignore'
[0.256s] Level 1:colcon.colcon_core.package_identification:_identify(src) by extension 'ignore_ament_install'
[0.256s] Level 1:colcon.colcon_core.package_identification:_identify(src) by extensions ['colcon_pkg']
[0.256s] Level 1:colcon.colcon_core.package_identification:_identify(src) by extension 'colcon_pkg'
[0.256s] Level 1:colcon.colcon_core.package_identification:_identify(src) by extensions ['colcon_meta']
[0.256s] Level 1:colcon.colcon_core.package_identification:_identify(src) by extension 'colcon_meta'
[0.256s] Level 1:colcon.colcon_core.package_identification:_identify(src) by extensions ['ros']
[0.256s] Level 1:colcon.colcon_core.package_identification:_identify(src) by extension 'ros'
[0.256s] Level 1:colcon.colcon_core.package_identification:_identify(src) by extensions ['cmake', 'python']
[0.256s] Level 1:colcon.colcon_core.package_identification:_identify(src) by extension 'cmake'
[0.256s] Level 1:colcon.colcon_core.package_identification:_identify(src) by extension 'python'
[0.256s] Level 1:colcon.colcon_core.package_identification:_identify(src) by extensions ['python_setup_py']
[0.256s] Level 1:colcon.colcon_core.package_identification:_identify(src) by extension 'python_setup_py'
[0.256s] Level 1:colcon.colcon_core.package_identification:_identify(src/rosbot_cpp_examples) by extensions ['ignore', 'ignore_ament_install']
[0.256s] Level 1:colcon.colcon_core.package_identification:_identify(src/rosbot_cpp_examples) by extension 'ignore'
[0.256s] Level 1:colcon.colcon_core.package_identification:_identify(src/rosbot_cpp_examples) by extension 'ignore_ament_install'
[0.256s] Level 1:colcon.colcon_core.package_identification:_identify(src/rosbot_cpp_examples) by extensions ['colcon_pkg']
[0.256s] Level 1:colcon.colcon_core.package_identification:_identify(src/rosbot_cpp_examples) by extension 'colcon_pkg'
[0.256s] Level 1:colcon.colcon_core.package_identification:_identify(src/rosbot_cpp_examples) by extensions ['colcon_meta']
[0.256s] Level 1:colcon.colcon_core.package_identification:_identify(src/rosbot_cpp_examples) by extension 'colcon_meta'
[0.256s] Level 1:colcon.colcon_core.package_identification:_identify(src/rosbot_cpp_examples) by extensions ['ros']
[0.256s] Level 1:colcon.colcon_core.package_identification:_identify(src/rosbot_cpp_examples) by extension 'ros'
[0.260s] DEBUG:colcon.colcon_core.package_identification:Package 'src/rosbot_cpp_examples' with type 'ros.ament_cmake' and name 'rosbot_cpp_examples'
[0.261s] Level 1:colcon.colcon_core.package_identification:_identify(src/rosbot_py_examples) by extensions ['ignore', 'ignore_ament_install']
[0.261s] Level 1:colcon.colcon_core.package_identification:_identify(src/rosbot_py_examples) by extension 'ignore'
[0.261s] Level 1:colcon.colcon_core.package_identification:_identify(src/rosbot_py_examples) by extension 'ignore_ament_install'
[0.261s] Level 1:colcon.colcon_core.package_identification:_identify(src/rosbot_py_examples) by extensions ['colcon_pkg']
[0.261s] Level 1:colcon.colcon_core.package_identification:_identify(src/rosbot_py_examples) by extension 'colcon_pkg'
[0.261s] Level 1:colcon.colcon_core.package_identification:_identify(src/rosbot_py_examples) by extensions ['colcon_meta']
[0.261s] Level 1:colcon.colcon_core.package_identification:_identify(src/rosbot_py_examples) by extension 'colcon_meta'
[0.261s] Level 1:colcon.colcon_core.package_identification:_identify(src/rosbot_py_examples) by extensions ['ros']
[0.261s] Level 1:colcon.colcon_core.package_identification:_identify(src/rosbot_py_examples) by extension 'ros'
[0.261s] DEBUG:colcon.colcon_core.package_identification:Package 'src/rosbot_py_examples' with type 'ros.ament_python' and name 'rosbot_py_examples'
[0.261s] Level 1:colcon.colcon_core.package_discovery:discover_packages(recursive) using defaults
[0.261s] Level 1:colcon.colcon_core.package_discovery:discover_packages(ignore) discover
[0.261s] Level 1:colcon.colcon_core.package_discovery:discover_packages(ignore) using defaults
[0.261s] Level 1:colcon.colcon_core.package_discovery:discover_packages(path) discover
[0.261s] Level 1:colcon.colcon_core.package_discovery:discover_packages(path) using defaults
[0.277s] Level 1:colcon.colcon_core.package_discovery:discover_packages(prefix_path) check parameters
[0.277s] Level 1:colcon.colcon_core.package_discovery:discover_packages(prefix_path) discover
[0.281s] DEBUG:colcon.colcon_installed_package_information.package_discovery:Found 391 installed packages in /opt/ros/kilted
[0.282s] Level 1:colcon.colcon_core.package_discovery:discover_packages(prefix_path) using defaults
[0.339s] Level 5:colcon.colcon_core.verb:set package 'rosbot_cpp_examples' build argument 'cmake_args' from command line to 'None'
[0.339s] Level 5:colcon.colcon_core.verb:set package 'rosbot_cpp_examples' build argument 'cmake_target' from command line to 'None'
[0.340s] Level 5:colcon.colcon_core.verb:set package 'rosbot_cpp_examples' build argument 'cmake_target_skip_unavailable' from command line to 'False'
[0.340s] Level 5:colcon.colcon_core.verb:set package 'rosbot_cpp_examples' build argument 'cmake_clean_cache' from command line to 'False'
[0.340s] Level 5:colcon.colcon_core.verb:set package 'rosbot_cpp_examples' build argument 'cmake_clean_first' from command line to 'False'
[0.340s] Level 5:colcon.colcon_core.verb:set package 'rosbot_cpp_examples' build argument 'cmake_force_configure' from command line to 'False'
[0.340s] Level 5:colcon.colcon_core.verb:set package 'rosbot_cpp_examples' build argument 'ament_cmake_args' from command line to 'None'
[0.340s] Level 5:colcon.colcon_core.verb:set package 'rosbot_cpp_examples' build argument 'catkin_cmake_args' from command line to 'None'
[0.340s] Level 5:colcon.colcon_core.verb:set package 'rosbot_cpp_examples' build argument 'catkin_skip_building_tests' from command line to 'False'
[0.340s] DEBUG:colcon.colcon_core.verb:Building package 'rosbot_cpp_examples' with the following arguments: {'ament_cmake_args': None, 'build_base': '/home/fernando/Desktop/rosbot_ws/build/rosbot_cpp_examples', 'catkin_cmake_args': None, 'catkin_skip_building_tests': False, 'cmake_args': None, 'cmake_clean_cache': False, 'cmake_clean_first': False, 'cmake_force_configure': False, 'cmake_target': None, 'cmake_target_skip_unavailable': False, 'install_base': '/home/fernando/Desktop/rosbot_ws/install/rosbot_cpp_examples', 'merge_install': False, 'path': '/home/fernando/Desktop/rosbot_ws/src/rosbot_cpp_examples', 'symlink_install': False, 'test_result_base': None}
[0.340s] Level 5:colcon.colcon_core.verb:set package 'rosbot_py_examples' build argument 'cmake_args' from command line to 'None'
[0.340s] Level 5:colcon.colcon_core.verb:set package 'rosbot_py_examples' build argument 'cmake_target' from command line to 'None'
[0.340s] Level 5:colcon.colcon_core.verb:set package 'rosbot_py_examples' build argument 'cmake_target_skip_unavailable' from command line to 'False'
[0.340s] Level 5:colcon.colcon_core.verb:set package 'rosbot_py_examples' build argument 'cmake_clean_cache' from command line to 'False'
[0.340s] Level 5:colcon.colcon_core.verb:set package 'rosbot_py_examples' build argument 'cmake_clean_first' from command line to 'False'
[0.340s] Level 5:colcon.colcon_core.verb:set package 'rosbot_py_examples' build argument 'cmake_force_configure' from command line to 'False'
[0.340s] Level 5:colcon.colcon_core.verb:set package 'rosbot_py_examples' build argument 'ament_cmake_args' from command line to 'None'
[0.340s] Level 5:colcon.colcon_core.verb:set package 'rosbot_py_examples' build argument 'catkin_cmake_args' from command line to 'None'
[0.340s] Level 5:colcon.colcon_core.verb:set package 'rosbot_py_examples' build argument 'catkin_skip_building_tests' from command line to 'False'
[0.340s] DEBUG:colcon.colcon_core.verb:Building package 'rosbot_py_examples' with the following arguments: {'ament_cmake_args': None, 'build_base': '/home/fernando/Desktop/rosbot_ws/build/rosbot_py_examples', 'catkin_cmake_args': None, 'catkin_skip_building_tests': False, 'cmake_args': None, 'cmake_clean_cache': False, 'cmake_clean_first': False, 'cmake_force_configure': False, 'cmake_target': None, 'cmake_target_skip_unavailable': False, 'install_base': '/home/fernando/Desktop/rosbot_ws/install/rosbot_py_examples', 'merge_install': False, 'path': '/home/fernando/Desktop/rosbot_ws/src/rosbot_py_examples', 'symlink_install': False, 'test_result_base': None}
[0.340s] INFO:colcon.colcon_core.executor:Executing jobs using 'parallel' executor
[0.341s] DEBUG:colcon.colcon_parallel_executor.executor.parallel:run_until_complete
[0.341s] INFO:colcon.colcon_ros.task.ament_cmake.build:Building ROS package in '/home/fernando/Desktop/rosbot_ws/src/rosbot_cpp_examples' with build type 'ament_cmake'
[0.341s] INFO:colcon.colcon_cmake.task.cmake.build:Building CMake package in '/home/fernando/Desktop/rosbot_ws/src/rosbot_cpp_examples'
[0.343s] INFO:colcon.colcon_core.plugin_system:Skipping extension 'colcon_core.shell.bat': Not used on non-Windows systems
[0.343s] INFO:colcon.colcon_core.shell:Skip shell extension 'powershell' for command environment: Not usable outside of PowerShell
[0.343s] DEBUG:colcon.colcon_core.shell:Skip shell extension 'dsv' for command environment
[0.347s] INFO:colcon.colcon_ros.task.ament_python.build:Building ROS package in '/home/fernando/Desktop/rosbot_ws/src/rosbot_py_examples' with build type 'ament_python'
[0.348s] Level 1:colcon.colcon_core.shell:create_environment_hook('rosbot_py_examples', 'ament_prefix_path')
[0.348s] INFO:colcon.colcon_core.shell:Creating environment hook '/home/fernando/Desktop/rosbot_ws/install/rosbot_py_examples/share/rosbot_py_examples/hook/ament_prefix_path.ps1'
[0.350s] INFO:colcon.colcon_core.shell:Creating environment descriptor '/home/fernando/Desktop/rosbot_ws/install/rosbot_py_examples/share/rosbot_py_examples/hook/ament_prefix_path.dsv'
[0.351s] INFO:colcon.colcon_core.shell:Creating environment hook '/home/fernando/Desktop/rosbot_ws/install/rosbot_py_examples/share/rosbot_py_examples/hook/ament_prefix_path.sh'
[0.352s] INFO:colcon.colcon_core.shell:Skip shell extension 'powershell' for command environment: Not usable outside of PowerShell
[0.352s] DEBUG:colcon.colcon_core.shell:Skip shell extension 'dsv' for command environment
[0.357s] DEBUG:colcon.colcon_core.event_handler.log_command:Invoking command in '/home/fernando/Desktop/rosbot_ws/build/rosbot_cpp_examples': CMAKE_PREFIX_PATH=${CMAKE_PREFIX_PATH}:/opt/ros/kilted DEBUGINFOD_URLS=https://debuginfod.ubuntu.com /usr/bin/cmake /home/fernando/Desktop/rosbot_ws/src/rosbot_cpp_examples -DCMAKE_INSTALL_PREFIX=/home/fernando/Desktop/rosbot_ws/install/rosbot_cpp_examples
[0.717s] INFO:colcon.colcon_core.task.python.build:Building Python package in '/home/fernando/Desktop/rosbot_ws/src/rosbot_py_examples'
[0.718s] INFO:colcon.colcon_core.shell:Skip shell extension 'powershell' for command environment: Not usable outside of PowerShell
[0.718s] DEBUG:colcon.colcon_core.shell:Skip shell extension 'dsv' for command environment
[1.378s] DEBUG:colcon.colcon_core.event_handler.log_command:Invoked command in '/home/fernando/Desktop/rosbot_ws/build/rosbot_cpp_examples' returned '0': CMAKE_PREFIX_PATH=${CMAKE_PREFIX_PATH}:/opt/ros/kilted DEBUGINFOD_URLS=https://debuginfod.ubuntu.com /usr/bin/cmake /home/fernando/Desktop/rosbot_ws/src/rosbot_cpp_examples -DCMAKE_INSTALL_PREFIX=/home/fernando/Desktop/rosbot_ws/install/rosbot_cpp_examples
[1.379s] DEBUG:colcon.colcon_core.event_handler.log_command:Invoking command in '/home/fernando/Desktop/rosbot_ws/build/rosbot_cpp_examples': CMAKE_PREFIX_PATH=${CMAKE_PREFIX_PATH}:/opt/ros/kilted DEBUGINFOD_URLS=https://debuginfod.ubuntu.com /usr/bin/cmake --build /home/fernando/Desktop/rosbot_ws/build/rosbot_cpp_examples -- -j4 -l4
[1.412s] DEBUG:colcon.colcon_core.event_handler.log_command:Invoked command in '/home/fernando/Desktop/rosbot_ws/build/rosbot_cpp_examples' returned '0': CMAKE_PREFIX_PATH=${CMAKE_PREFIX_PATH}:/opt/ros/kilted DEBUGINFOD_URLS=https://debuginfod.ubuntu.com /usr/bin/cmake --build /home/fernando/Desktop/rosbot_ws/build/rosbot_cpp_examples -- -j4 -l4
[1.422s] DEBUG:colcon.colcon_core.event_handler.log_command:Invoking command in '/home/fernando/Desktop/rosbot_ws/build/rosbot_cpp_examples': CMAKE_PREFIX_PATH=${CMAKE_PREFIX_PATH}:/opt/ros/kilted DEBUGINFOD_URLS=https://debuginfod.ubuntu.com /usr/bin/cmake --install /home/fernando/Desktop/rosbot_ws/build/rosbot_cpp_examples
[1.431s] Level 1:colcon.colcon_core.environment:create_environment_scripts_only(rosbot_cpp_examples)
[1.431s] DEBUG:colcon.colcon_core.event_handler.log_command:Invoked command in '/home/fernando/Desktop/rosbot_ws/build/rosbot_cpp_examples' returned '0': CMAKE_PREFIX_PATH=${CMAKE_PREFIX_PATH}:/opt/ros/kilted DEBUGINFOD_URLS=https://debuginfod.ubuntu.com /usr/bin/cmake --install /home/fernando/Desktop/rosbot_ws/build/rosbot_cpp_examples
[1.437s] Level 1:colcon.colcon_core.environment:checking '/home/fernando/Desktop/rosbot_ws/install/rosbot_cpp_examples' for CMake module files
[1.438s] Level 1:colcon.colcon_core.environment:checking '/home/fernando/Desktop/rosbot_ws/install/rosbot_cpp_examples' for CMake config files
[1.438s] Level 1:colcon.colcon_core.shell:create_environment_hook('rosbot_cpp_examples', 'cmake_prefix_path')
[1.438s] INFO:colcon.colcon_core.shell:Creating environment hook '/home/fernando/Desktop/rosbot_ws/install/rosbot_cpp_examples/share/rosbot_cpp_examples/hook/cmake_prefix_path.ps1'
[1.438s] INFO:colcon.colcon_core.shell:Creating environment descriptor '/home/fernando/Desktop/rosbot_ws/install/rosbot_cpp_examples/share/rosbot_cpp_examples/hook/cmake_prefix_path.dsv'
[1.438s] INFO:colcon.colcon_core.shell:Creating environment hook '/home/fernando/Desktop/rosbot_ws/install/rosbot_cpp_examples/share/rosbot_cpp_examples/hook/cmake_prefix_path.sh'
[1.439s] Level 1:colcon.colcon_core.environment:checking '/home/fernando/Desktop/rosbot_ws/install/rosbot_cpp_examples/bin'
[1.439s] Level 1:colcon.colcon_core.environment:checking '/home/fernando/Desktop/rosbot_ws/install/rosbot_cpp_examples/lib/pkgconfig/rosbot_cpp_examples.pc'
[1.439s] Level 1:colcon.colcon_core.environment:checking '/home/fernando/Desktop/rosbot_ws/install/rosbot_cpp_examples/lib/python3.12/site-packages'
[1.439s] Level 1:colcon.colcon_core.environment:checking '/home/fernando/Desktop/rosbot_ws/install/rosbot_cpp_examples/bin'
[1.440s] INFO:colcon.colcon_core.shell:Creating package script '/home/fernando/Desktop/rosbot_ws/install/rosbot_cpp_examples/share/rosbot_cpp_examples/package.ps1'
[1.440s] INFO:colcon.colcon_core.shell:Creating package descriptor '/home/fernando/Desktop/rosbot_ws/install/rosbot_cpp_examples/share/rosbot_cpp_examples/package.dsv'
[1.441s] INFO:colcon.colcon_core.shell:Creating package script '/home/fernando/Desktop/rosbot_ws/install/rosbot_cpp_examples/share/rosbot_cpp_examples/package.sh'
[1.441s] INFO:colcon.colcon_core.shell:Creating package script '/home/fernando/Desktop/rosbot_ws/install/rosbot_cpp_examples/share/rosbot_cpp_examples/package.bash'
[1.442s] INFO:colcon.colcon_core.shell:Creating package script '/home/fernando/Desktop/rosbot_ws/install/rosbot_cpp_examples/share/rosbot_cpp_examples/package.zsh'
[1.443s] Level 1:colcon.colcon_core.environment:create_file_with_runtime_dependencies(/home/fernando/Desktop/rosbot_ws/install/rosbot_cpp_examples/share/colcon-core/packages/rosbot_cpp_examples)
[1.443s] Level 1:colcon.colcon_core.environment:create_environment_scripts_only(rosbot_cpp_examples)
[1.443s] Level 1:colcon.colcon_core.environment:checking '/home/fernando/Desktop/rosbot_ws/install/rosbot_cpp_examples' for CMake module files
[1.444s] Level 1:colcon.colcon_core.environment:checking '/home/fernando/Desktop/rosbot_ws/install/rosbot_cpp_examples' for CMake config files
[1.444s] Level 1:colcon.colcon_core.shell:create_environment_hook('rosbot_cpp_examples', 'cmake_prefix_path')
[1.444s] INFO:colcon.colcon_core.shell:Creating environment hook '/home/fernando/Desktop/rosbot_ws/install/rosbot_cpp_examples/share/rosbot_cpp_examples/hook/cmake_prefix_path.ps1'
[1.444s] INFO:colcon.colcon_core.shell:Creating environment descriptor '/home/fernando/Desktop/rosbot_ws/install/rosbot_cpp_examples/share/rosbot_cpp_examples/hook/cmake_prefix_path.dsv'
[1.445s] INFO:colcon.colcon_core.shell:Creating environment hook '/home/fernando/Desktop/rosbot_ws/install/rosbot_cpp_examples/share/rosbot_cpp_examples/hook/cmake_prefix_path.sh'
[1.445s] Level 1:colcon.colcon_core.environment:checking '/home/fernando/Desktop/rosbot_ws/install/rosbot_cpp_examples/bin'
[1.446s] Level 1:colcon.colcon_core.environment:checking '/home/fernando/Desktop/rosbot_ws/install/rosbot_cpp_examples/lib/pkgconfig/rosbot_cpp_examples.pc'
[1.446s] Level 1:colcon.colcon_core.environment:checking '/home/fernando/Desktop/rosbot_ws/install/rosbot_cpp_examples/lib/python3.12/site-packages'
[1.446s] Level 1:colcon.colcon_core.environment:checking '/home/fernando/Desktop/rosbot_ws/install/rosbot_cpp_examples/bin'
[1.447s] INFO:colcon.colcon_core.shell:Creating package script '/home/fernando/Desktop/rosbot_ws/install/rosbot_cpp_examples/share/rosbot_cpp_examples/package.ps1'
[1.447s] INFO:colcon.colcon_core.shell:Creating package descriptor '/home/fernando/Desktop/rosbot_ws/install/rosbot_cpp_examples/share/rosbot_cpp_examples/package.dsv'
[1.447s] INFO:colcon.colcon_core.shell:Creating package script '/home/fernando/Desktop/rosbot_ws/install/rosbot_cpp_examples/share/rosbot_cpp_examples/package.sh'
[1.447s] INFO:colcon.colcon_core.shell:Creating package script '/home/fernando/Desktop/rosbot_ws/install/rosbot_cpp_examples/share/rosbot_cpp_examples/package.bash'
[1.448s] INFO:colcon.colcon_core.shell:Creating package script '/home/fernando/Desktop/rosbot_ws/install/rosbot_cpp_examples/share/rosbot_cpp_examples/package.zsh'
[1.448s] Level 1:colcon.colcon_core.environment:create_file_with_runtime_dependencies(/home/fernando/Desktop/rosbot_ws/install/rosbot_cpp_examples/share/colcon-core/packages/rosbot_cpp_examples)
[1.547s] DEBUG:colcon.colcon_core.event_handler.log_command:Invoking command in '/home/fernando/Desktop/rosbot_ws/src/rosbot_py_examples': DEBUGINFOD_URLS=https://debuginfod.ubuntu.com PYTHONPATH=/home/fernando/Desktop/rosbot_ws/build/rosbot_py_examples/prefix_override:/usr/lib/python3/dist-packages/colcon_core/task/python/colcon_distutils_commands:/home/fernando/Desktop/rosbot_ws/install/rosbot_py_examples/lib/python3.12/site-packages:${PYTHONPATH} /usr/bin/python3 -W ignore:setup.py install is deprecated -W ignore:easy_install command is deprecated setup.py egg_info --egg-base ../../build/rosbot_py_examples build --build-base /home/fernando/Desktop/rosbot_ws/build/rosbot_py_examples/build install --record /home/fernando/Desktop/rosbot_ws/build/rosbot_py_examples/install.log --single-version-externally-managed install_data
[2.069s] Level 1:colcon.colcon_core.environment:checking '/home/fernando/Desktop/rosbot_ws/install/rosbot_py_examples' for CMake module files
[2.070s] DEBUG:colcon.colcon_core.event_handler.log_command:Invoked command in '/home/fernando/Desktop/rosbot_ws/src/rosbot_py_examples' returned '0': DEBUGINFOD_URLS=https://debuginfod.ubuntu.com PYTHONPATH=/home/fernando/Desktop/rosbot_ws/build/rosbot_py_examples/prefix_override:/usr/lib/python3/dist-packages/colcon_core/task/python/colcon_distutils_commands:/home/fernando/Desktop/rosbot_ws/install/rosbot_py_examples/lib/python3.12/site-packages:${PYTHONPATH} /usr/bin/python3 -W ignore:setup.py install is deprecated -W ignore:easy_install command is deprecated setup.py egg_info --egg-base ../../build/rosbot_py_examples build --build-base /home/fernando/Desktop/rosbot_ws/build/rosbot_py_examples/build install --record /home/fernando/Desktop/rosbot_ws/build/rosbot_py_examples/install.log --single-version-externally-managed install_data
[2.070s] Level 1:colcon.colcon_core.environment:checking '/home/fernando/Desktop/rosbot_ws/install/rosbot_py_examples' for CMake config files
[2.071s] Level 1:colcon.colcon_core.environment:checking '/home/fernando/Desktop/rosbot_ws/install/rosbot_py_examples/lib'
[2.071s] Level 1:colcon.colcon_core.environment:checking '/home/fernando/Desktop/rosbot_ws/install/rosbot_py_examples/bin'
[2.071s] Level 1:colcon.colcon_core.environment:checking '/home/fernando/Desktop/rosbot_ws/install/rosbot_py_examples/lib/pkgconfig/rosbot_py_examples.pc'
[2.071s] Level 1:colcon.colcon_core.environment:checking '/home/fernando/Desktop/rosbot_ws/install/rosbot_py_examples/lib/python3.12/site-packages'
[2.071s] Level 1:colcon.colcon_core.shell:create_environment_hook('rosbot_py_examples', 'pythonpath')
[2.071s] INFO:colcon.colcon_core.shell:Creating environment hook '/home/fernando/Desktop/rosbot_ws/install/rosbot_py_examples/share/rosbot_py_examples/hook/pythonpath.ps1'
[2.072s] INFO:colcon.colcon_core.shell:Creating environment descriptor '/home/fernando/Desktop/rosbot_ws/install/rosbot_py_examples/share/rosbot_py_examples/hook/pythonpath.dsv'
[2.072s] INFO:colcon.colcon_core.shell:Creating environment hook '/home/fernando/Desktop/rosbot_ws/install/rosbot_py_examples/share/rosbot_py_examples/hook/pythonpath.sh'
[2.073s] Level 1:colcon.colcon_core.environment:checking '/home/fernando/Desktop/rosbot_ws/install/rosbot_py_examples/bin'
[2.073s] Level 1:colcon.colcon_core.environment:create_environment_scripts_only(rosbot_py_examples)
[2.073s] INFO:colcon.colcon_core.shell:Creating package script '/home/fernando/Desktop/rosbot_ws/install/rosbot_py_examples/share/rosbot_py_examples/package.ps1'
[2.073s] INFO:colcon.colcon_core.shell:Creating package descriptor '/home/fernando/Desktop/rosbot_ws/install/rosbot_py_examples/share/rosbot_py_examples/package.dsv'
[2.073s] INFO:colcon.colcon_core.shell:Creating package script '/home/fernando/Desktop/rosbot_ws/install/rosbot_py_examples/share/rosbot_py_examples/package.sh'
[2.074s] INFO:colcon.colcon_core.shell:Creating package script '/home/fernando/Desktop/rosbot_ws/install/rosbot_py_examples/share/rosbot_py_examples/package.bash'
[2.074s] INFO:colcon.colcon_core.shell:Creating package script '/home/fernando/Desktop/rosbot_ws/install/rosbot_py_examples/share/rosbot_py_examples/package.zsh'
[2.074s] Level 1:colcon.colcon_core.environment:create_file_with_runtime_dependencies(/home/fernando/Desktop/rosbot_ws/install/rosbot_py_examples/share/colcon-core/packages/rosbot_py_examples)
[2.074s] DEBUG:colcon.colcon_parallel_executor.executor.parallel:closing loop
[2.074s] DEBUG:colcon.colcon_parallel_executor.executor.parallel:loop closed
[2.075s] DEBUG:colcon.colcon_parallel_executor.executor.parallel:run_until_complete finished with '0'
[2.075s] DEBUG:colcon.colcon_core.event_reactor:joining thread
[2.081s] INFO:colcon.colcon_core.plugin_system:Skipping extension 'colcon_notification.desktop_notification.terminal_notifier': Not used on non-Darwin systems
[2.081s] INFO:colcon.colcon_core.plugin_system:Skipping extension 'colcon_notification.desktop_notification.win32': Not used on non-Windows systems
[2.081s] INFO:colcon.colcon_notification.desktop_notification:Sending desktop notification using 'notify2'
[2.110s] DEBUG:colcon.colcon_core.event_reactor:joined thread
[2.110s] INFO:colcon.colcon_core.shell:Creating prefix script '/home/fernando/Desktop/rosbot_ws/install/local_setup.ps1'
[2.111s] INFO:colcon.colcon_core.shell:Creating prefix util module '/home/fernando/Desktop/rosbot_ws/install/_local_setup_util_ps1.py'
[2.112s] INFO:colcon.colcon_core.shell:Creating prefix chain script '/home/fernando/Desktop/rosbot_ws/install/setup.ps1'
[2.113s] INFO:colcon.colcon_core.shell:Creating prefix script '/home/fernando/Desktop/rosbot_ws/install/local_setup.sh'
[2.113s] INFO:colcon.colcon_core.shell:Creating prefix util module '/home/fernando/Desktop/rosbot_ws/install/_local_setup_util_sh.py'
[2.114s] INFO:colcon.colcon_core.shell:Creating prefix chain script '/home/fernando/Desktop/rosbot_ws/install/setup.sh'
[2.114s] INFO:colcon.colcon_core.shell:Creating prefix script '/home/fernando/Desktop/rosbot_ws/install/local_setup.bash'
[2.115s] INFO:colcon.colcon_core.shell:Creating prefix chain script '/home/fernando/Desktop/rosbot_ws/install/setup.bash'
[2.115s] INFO:colcon.colcon_core.shell:Creating prefix script '/home/fernando/Desktop/rosbot_ws/install/local_setup.zsh'
[2.116s] INFO:colcon.colcon_core.shell:Creating prefix chain script '/home/fernando/Desktop/rosbot_ws/install/setup.zsh'
