running egg_info
creating ../../build/rosbot_py_examples/rosbot_py_examples.egg-info
writing ../../build/rosbot_py_examples/rosbot_py_examples.egg-info/PKG-INFO
writing dependency_links to ../../build/rosbot_py_examples/rosbot_py_examples.egg-info/dependency_links.txt
writing requirements to ../../build/rosbot_py_examples/rosbot_py_examples.egg-info/requires.txt
writing top-level names to ../../build/rosbot_py_examples/rosbot_py_examples.egg-info/top_level.txt
writing manifest file '../../build/rosbot_py_examples/rosbot_py_examples.egg-info/SOURCES.txt'
reading manifest file '../../build/rosbot_py_examples/rosbot_py_examples.egg-info/SOURCES.txt'
writing manifest file '../../build/rosbot_py_examples/rosbot_py_examples.egg-info/SOURCES.txt'
running build
running build_py
creating /home/fernando/Desktop/rosbot_ws/build/rosbot_py_examples/build
creating /home/fernando/Desktop/rosbot_ws/build/rosbot_py_examples/build/lib
creating /home/fernando/Desktop/rosbot_ws/build/rosbot_py_examples/build/lib/rosbot_py_examples
copying rosbot_py_examples/__init__.py -> /home/fernando/Desktop/rosbot_ws/build/rosbot_py_examples/build/lib/rosbot_py_examples
copying rosbot_py_examples/py.typed -> /home/fernando/Desktop/rosbot_ws/build/rosbot_py_examples/build/lib/rosbot_py_examples
running install
running install_lib
creating /home/fernando/Desktop/rosbot_ws/install/rosbot_py_examples/lib/python3.12/site-packages/rosbot_py_examples
copying /home/fernando/Desktop/rosbot_ws/build/rosbot_py_examples/build/lib/rosbot_py_examples/__init__.py -> /home/fernando/Desktop/rosbot_ws/install/rosbot_py_examples/lib/python3.12/site-packages/rosbot_py_examples
copying /home/fernando/Desktop/rosbot_ws/build/rosbot_py_examples/build/lib/rosbot_py_examples/py.typed -> /home/fernando/Desktop/rosbot_ws/install/rosbot_py_examples/lib/python3.12/site-packages/rosbot_py_examples
byte-compiling /home/fernando/Desktop/rosbot_ws/install/rosbot_py_examples/lib/python3.12/site-packages/rosbot_py_examples/__init__.py to __init__.cpython-312.pyc
running install_data
creating /home/fernando/Desktop/rosbot_ws/install/rosbot_py_examples/share/ament_index
creating /home/fernando/Desktop/rosbot_ws/install/rosbot_py_examples/share/ament_index/resource_index
creating /home/fernando/Desktop/rosbot_ws/install/rosbot_py_examples/share/ament_index/resource_index/packages
copying resource/rosbot_py_examples -> /home/fernando/Desktop/rosbot_ws/install/rosbot_py_examples/share/ament_index/resource_index/packages
copying package.xml -> /home/fernando/Desktop/rosbot_ws/install/rosbot_py_examples/share/rosbot_py_examples
running install_egg_info
Copying ../../build/rosbot_py_examples/rosbot_py_examples.egg-info to /home/fernando/Desktop/rosbot_ws/install/rosbot_py_examples/lib/python3.12/site-packages/rosbot_py_examples-0.0.0-py3.12.egg-info
running install_scripts
writing list of installed files to '/home/fernando/Desktop/rosbot_ws/build/rosbot_py_examples/install.log'
