[1.200s] Invoking command in '/home/fernando/Desktop/rosbot_ws/src/rosbot_py_examples': DEBUGINFOD_URLS=https://debuginfod.ubuntu.com PYTHONPATH=/home/fernando/Desktop/rosbot_ws/build/rosbot_py_examples/prefix_override:/usr/lib/python3/dist-packages/colcon_core/task/python/colcon_distutils_commands:/home/fernando/Desktop/rosbot_ws/install/rosbot_py_examples/lib/python3.12/site-packages:${PYTHONPATH} /usr/bin/python3 -W ignore:setup.py install is deprecated -W ignore:easy_install command is deprecated setup.py egg_info --egg-base ../../build/rosbot_py_examples build --build-base /home/fernando/Desktop/rosbot_ws/build/rosbot_py_examples/build install --record /home/fernando/Desktop/rosbot_ws/build/rosbot_py_examples/install.log --single-version-externally-managed install_data
[1.487s] running egg_info
[1.487s] creating ../../build/rosbot_py_examples/rosbot_py_examples.egg-info
[1.500s] writing ../../build/rosbot_py_examples/rosbot_py_examples.egg-info/PKG-INFO
[1.500s] writing dependency_links to ../../build/rosbot_py_examples/rosbot_py_examples.egg-info/dependency_links.txt
[1.500s] writing requirements to ../../build/rosbot_py_examples/rosbot_py_examples.egg-info/requires.txt
[1.500s] writing top-level names to ../../build/rosbot_py_examples/rosbot_py_examples.egg-info/top_level.txt
[1.501s] writing manifest file '../../build/rosbot_py_examples/rosbot_py_examples.egg-info/SOURCES.txt'
[1.531s] reading manifest file '../../build/rosbot_py_examples/rosbot_py_examples.egg-info/SOURCES.txt'
[1.532s] writing manifest file '../../build/rosbot_py_examples/rosbot_py_examples.egg-info/SOURCES.txt'
[1.532s] running build
[1.532s] running build_py
[1.532s] creating /home/fernando/Desktop/rosbot_ws/build/rosbot_py_examples/build
[1.532s] creating /home/fernando/Desktop/rosbot_ws/build/rosbot_py_examples/build/lib
[1.532s] creating /home/fernando/Desktop/rosbot_ws/build/rosbot_py_examples/build/lib/rosbot_py_examples
[1.532s] copying rosbot_py_examples/__init__.py -> /home/fernando/Desktop/rosbot_ws/build/rosbot_py_examples/build/lib/rosbot_py_examples
[1.532s] copying rosbot_py_examples/py.typed -> /home/fernando/Desktop/rosbot_ws/build/rosbot_py_examples/build/lib/rosbot_py_examples
[1.532s] running install
[1.541s] running install_lib
[1.555s] creating /home/fernando/Desktop/rosbot_ws/install/rosbot_py_examples/lib/python3.12/site-packages/rosbot_py_examples
[1.555s] copying /home/fernando/Desktop/rosbot_ws/build/rosbot_py_examples/build/lib/rosbot_py_examples/__init__.py -> /home/fernando/Desktop/rosbot_ws/install/rosbot_py_examples/lib/python3.12/site-packages/rosbot_py_examples
[1.555s] copying /home/fernando/Desktop/rosbot_ws/build/rosbot_py_examples/build/lib/rosbot_py_examples/py.typed -> /home/fernando/Desktop/rosbot_ws/install/rosbot_py_examples/lib/python3.12/site-packages/rosbot_py_examples
[1.556s] byte-compiling /home/fernando/Desktop/rosbot_ws/install/rosbot_py_examples/lib/python3.12/site-packages/rosbot_py_examples/__init__.py to __init__.cpython-312.pyc
[1.556s] running install_data
[1.556s] creating /home/fernando/Desktop/rosbot_ws/install/rosbot_py_examples/share/ament_index
[1.557s] creating /home/fernando/Desktop/rosbot_ws/install/rosbot_py_examples/share/ament_index/resource_index
[1.557s] creating /home/fernando/Desktop/rosbot_ws/install/rosbot_py_examples/share/ament_index/resource_index/packages
[1.557s] copying resource/rosbot_py_examples -> /home/fernando/Desktop/rosbot_ws/install/rosbot_py_examples/share/ament_index/resource_index/packages
[1.557s] copying package.xml -> /home/fernando/Desktop/rosbot_ws/install/rosbot_py_examples/share/rosbot_py_examples
[1.557s] running install_egg_info
[1.571s] Copying ../../build/rosbot_py_examples/rosbot_py_examples.egg-info to /home/fernando/Desktop/rosbot_ws/install/rosbot_py_examples/lib/python3.12/site-packages/rosbot_py_examples-0.0.0-py3.12.egg-info
[1.575s] running install_scripts
[1.689s] writing list of installed files to '/home/fernando/Desktop/rosbot_ws/build/rosbot_py_examples/install.log'
[1.722s] Invoked command in '/home/fernando/Desktop/rosbot_ws/src/rosbot_py_examples' returned '0': DEBUGINFOD_URLS=https://debuginfod.ubuntu.com PYTHONPATH=/home/fernando/Desktop/rosbot_ws/build/rosbot_py_examples/prefix_override:/usr/lib/python3/dist-packages/colcon_core/task/python/colcon_distutils_commands:/home/fernando/Desktop/rosbot_ws/install/rosbot_py_examples/lib/python3.12/site-packages:${PYTHONPATH} /usr/bin/python3 -W ignore:setup.py install is deprecated -W ignore:easy_install command is deprecated setup.py egg_info --egg-base ../../build/rosbot_py_examples build --build-base /home/fernando/Desktop/rosbot_ws/build/rosbot_py_examples/build install --record /home/fernando/Desktop/rosbot_ws/build/rosbot_py_examples/install.log --single-version-externally-managed install_data
