[0.015s] Invoking command in '/home/fernando/Desktop/rosbot_ws/build/rosbot_cpp_examples': CMAKE_PREFIX_PATH=${CMAKE_PREFIX_PATH}:/opt/ros/kilted DEBUGINFOD_URLS=https://debuginfod.ubuntu.com /usr/bin/cmake /home/fernando/Desktop/rosbot_ws/src/rosbot_cpp_examples -DCMAKE_INSTALL_PREFIX=/home/fernando/Desktop/rosbot_ws/install/rosbot_cpp_examples
[0.225s] -- The C compiler identification is GNU 13.3.0
[0.365s] -- The CXX compiler identification is GNU 13.3.0
[0.388s] -- Detecting C compiler ABI info
[0.502s] -- Detecting C compiler ABI info - done
[0.514s] -- Check for working C compiler: /usr/bin/cc - skipped
[0.514s] -- Detecting C compile features
[0.515s] -- Detecting C compile features - done
[0.521s] -- Detecting CXX compiler ABI info
[0.620s] -- Detecting CXX compiler ABI info - done
[0.626s] -- Check for working CXX compiler: /usr/bin/c++ - skipped
[0.626s] -- Detecting CXX compile features
[0.626s] -- Detecting CXX compile features - done
[0.632s] -- Found ament_cmake: 2.7.4 (/opt/ros/kilted/share/ament_cmake/cmake)
[0.791s] -- Found Python3: /usr/bin/python3 (found version "3.12.3") found components: Interpreter 
[0.927s] -- Found ament_lint_auto: 0.19.2 (/opt/ros/kilted/share/ament_lint_auto/cmake)
[1.024s] -- Added test 'lint_cmake' to check CMake code style
[1.026s] -- Added test 'xmllint' to check XML markup files
[1.026s] -- Configuring done (1.0s)
[1.029s] -- Generating done (0.0s)
[1.031s] -- Build files have been written to: /home/fernando/Desktop/rosbot_ws/build/rosbot_cpp_examples
[1.036s] Invoked command in '/home/fernando/Desktop/rosbot_ws/build/rosbot_cpp_examples' returned '0': CMAKE_PREFIX_PATH=${CMAKE_PREFIX_PATH}:/opt/ros/kilted DEBUGINFOD_URLS=https://debuginfod.ubuntu.com /usr/bin/cmake /home/fernando/Desktop/rosbot_ws/src/rosbot_cpp_examples -DCMAKE_INSTALL_PREFIX=/home/fernando/Desktop/rosbot_ws/install/rosbot_cpp_examples
[1.037s] Invoking command in '/home/fernando/Desktop/rosbot_ws/build/rosbot_cpp_examples': CMAKE_PREFIX_PATH=${CMAKE_PREFIX_PATH}:/opt/ros/kilted DEBUGINFOD_URLS=https://debuginfod.ubuntu.com /usr/bin/cmake --build /home/fernando/Desktop/rosbot_ws/build/rosbot_cpp_examples -- -j4 -l4
[1.070s] Invoked command in '/home/fernando/Desktop/rosbot_ws/build/rosbot_cpp_examples' returned '0': CMAKE_PREFIX_PATH=${CMAKE_PREFIX_PATH}:/opt/ros/kilted DEBUGINFOD_URLS=https://debuginfod.ubuntu.com /usr/bin/cmake --build /home/fernando/Desktop/rosbot_ws/build/rosbot_cpp_examples -- -j4 -l4
[1.080s] Invoking command in '/home/fernando/Desktop/rosbot_ws/build/rosbot_cpp_examples': CMAKE_PREFIX_PATH=${CMAKE_PREFIX_PATH}:/opt/ros/kilted DEBUGINFOD_URLS=https://debuginfod.ubuntu.com /usr/bin/cmake --install /home/fernando/Desktop/rosbot_ws/build/rosbot_cpp_examples
[1.086s] -- Install configuration: ""
[1.086s] -- Installing: /home/fernando/Desktop/rosbot_ws/install/rosbot_cpp_examples/share/ament_index/resource_index/package_run_dependencies/rosbot_cpp_examples
[1.087s] -- Installing: /home/fernando/Desktop/rosbot_ws/install/rosbot_cpp_examples/share/ament_index/resource_index/parent_prefix_path/rosbot_cpp_examples
[1.087s] -- Installing: /home/fernando/Desktop/rosbot_ws/install/rosbot_cpp_examples/share/rosbot_cpp_examples/environment/ament_prefix_path.sh
[1.087s] -- Installing: /home/fernando/Desktop/rosbot_ws/install/rosbot_cpp_examples/share/rosbot_cpp_examples/environment/ament_prefix_path.dsv
[1.087s] -- Installing: /home/fernando/Desktop/rosbot_ws/install/rosbot_cpp_examples/share/rosbot_cpp_examples/environment/path.sh
[1.087s] -- Installing: /home/fernando/Desktop/rosbot_ws/install/rosbot_cpp_examples/share/rosbot_cpp_examples/environment/path.dsv
[1.087s] -- Installing: /home/fernando/Desktop/rosbot_ws/install/rosbot_cpp_examples/share/rosbot_cpp_examples/local_setup.bash
[1.087s] -- Installing: /home/fernando/Desktop/rosbot_ws/install/rosbot_cpp_examples/share/rosbot_cpp_examples/local_setup.sh
[1.087s] -- Installing: /home/fernando/Desktop/rosbot_ws/install/rosbot_cpp_examples/share/rosbot_cpp_examples/local_setup.zsh
[1.088s] -- Installing: /home/fernando/Desktop/rosbot_ws/install/rosbot_cpp_examples/share/rosbot_cpp_examples/local_setup.dsv
[1.088s] -- Installing: /home/fernando/Desktop/rosbot_ws/install/rosbot_cpp_examples/share/rosbot_cpp_examples/package.dsv
[1.088s] -- Installing: /home/fernando/Desktop/rosbot_ws/install/rosbot_cpp_examples/share/ament_index/resource_index/packages/rosbot_cpp_examples
[1.088s] -- Installing: /home/fernando/Desktop/rosbot_ws/install/rosbot_cpp_examples/share/rosbot_cpp_examples/cmake/rosbot_cpp_examplesConfig.cmake
[1.088s] -- Installing: /home/fernando/Desktop/rosbot_ws/install/rosbot_cpp_examples/share/rosbot_cpp_examples/cmake/rosbot_cpp_examplesConfig-version.cmake
[1.088s] -- Installing: /home/fernando/Desktop/rosbot_ws/install/rosbot_cpp_examples/share/rosbot_cpp_examples/package.xml
[1.089s] Invoked command in '/home/fernando/Desktop/rosbot_ws/build/rosbot_cpp_examples' returned '0': CMAKE_PREFIX_PATH=${CMAKE_PREFIX_PATH}:/opt/ros/kilted DEBUGINFOD_URLS=https://debuginfod.ubuntu.com /usr/bin/cmake --install /home/fernando/Desktop/rosbot_ws/build/rosbot_cpp_examples
